<?xml version="1.0" encoding="UTF-8"?>
<testsuite xmlns:xsi="http://www.w3.org/2001/XMLSchema-instance" xsi:noNamespaceSchemaLocation="https://maven.apache.org/surefire/maven-surefire-plugin/xsd/surefire-test-report.xsd" version="3.0.1" name="com.mycompany.guiceapp.AppTest" time="0.531" tests="1" errors="0" skipped="0" failures="0">
  <properties>
    <property name="java.specification.version" value="17"/>
    <property name="sun.cpu.isalist" value="amd64"/>
    <property name="sun.jnu.encoding" value="Cp1252"/>
    <property name="java.class.path" value="C:\Users\Maria-PC\Documents\guice-app\target\test-classes;C:\Users\Maria-PC\Documents\guice-app\target\classes;C:\Users\Maria-PC\.m2\repository\org\junit\jupiter\junit-jupiter-api\5.11.0\junit-jupiter-api-5.11.0.jar;C:\Users\Maria-PC\.m2\repository\org\opentest4j\opentest4j\1.3.0\opentest4j-1.3.0.jar;C:\Users\Maria-PC\.m2\repository\org\junit\platform\junit-platform-commons\1.11.0\junit-platform-commons-1.11.0.jar;C:\Users\Maria-PC\.m2\repository\org\apiguardian\apiguardian-api\1.1.2\apiguardian-api-1.1.2.jar;C:\Users\Maria-PC\.m2\repository\org\junit\jupiter\junit-jupiter-params\5.11.0\junit-jupiter-params-5.11.0.jar;C:\Users\Maria-PC\.m2\repository\com\google\inject\guice\7.0.0\guice-7.0.0.jar;C:\Users\Maria-PC\.m2\repository\jakarta\inject\jakarta.inject-api\2.0.1\jakarta.inject-api-2.0.1.jar;C:\Users\Maria-PC\.m2\repository\aopalliance\aopalliance\1.0\aopalliance-1.0.jar;C:\Users\Maria-PC\.m2\repository\com\google\guava\guava\31.0.1-jre\guava-31.0.1-jre.jar;C:\Users\Maria-PC\.m2\repository\com\google\guava\failureaccess\1.0.1\failureaccess-1.0.1.jar;C:\Users\Maria-PC\.m2\repository\com\google\guava\listenablefuture\9999.0-empty-to-avoid-conflict-with-guava\listenablefuture-9999.0-empty-to-avoid-conflict-with-guava.jar;C:\Users\Maria-PC\.m2\repository\com\google\code\findbugs\jsr305\3.0.2\jsr305-3.0.2.jar;C:\Users\Maria-PC\.m2\repository\org\checkerframework\checker-qual\3.12.0\checker-qual-3.12.0.jar;C:\Users\Maria-PC\.m2\repository\com\google\errorprone\error_prone_annotations\2.7.1\error_prone_annotations-2.7.1.jar;C:\Users\Maria-PC\.m2\repository\com\google\j2objc\j2objc-annotations\1.3\j2objc-annotations-1.3.jar;C:\Users\Maria-PC\.m2\repository\org\glassfish\jersey\containers\jersey-container-jetty-http\4.0.0-M2\jersey-container-jetty-http-4.0.0-M2.jar;C:\Users\Maria-PC\.m2\repository\org\eclipse\jetty\jetty-server\12.0.14\jetty-server-12.0.14.jar;C:\Users\Maria-PC\.m2\repository\org\eclipse\jetty\jetty-http\12.0.14\jetty-http-12.0.14.jar;C:\Users\Maria-PC\.m2\repository\org\eclipse\jetty\jetty-util\12.0.14\jetty-util-12.0.14.jar;C:\Users\Maria-PC\.m2\repository\org\eclipse\jetty\jetty-io\12.0.14\jetty-io-12.0.14.jar;C:\Users\Maria-PC\.m2\repository\org\slf4j\slf4j-api\2.0.13\slf4j-api-2.0.13.jar;C:\Users\Maria-PC\.m2\repository\org\eclipse\jetty\jetty-security\12.0.14\jetty-security-12.0.14.jar;C:\Users\Maria-PC\.m2\repository\org\glassfish\jersey\core\jersey-server\4.0.0-M2\jersey-server-4.0.0-M2.jar;C:\Users\Maria-PC\.m2\repository\org\glassfish\jersey\core\jersey-client\4.0.0-M2\jersey-client-4.0.0-M2.jar;C:\Users\Maria-PC\.m2\repository\jakarta\validation\jakarta.validation-api\3.1.0\jakarta.validation-api-3.1.0.jar;C:\Users\Maria-PC\.m2\repository\jakarta\ws\rs\jakarta.ws.rs-api\4.0.0\jakarta.ws.rs-api-4.0.0.jar;C:\Users\Maria-PC\.m2\repository\org\glassfish\jersey\core\jersey-common\4.0.0-M2\jersey-common-4.0.0-M2.jar;C:\Users\Maria-PC\.m2\repository\jakarta\annotation\jakarta.annotation-api\3.0.0\jakarta.annotation-api-3.0.0.jar;C:\Users\Maria-PC\.m2\repository\org\glassfish\hk2\osgi-resource-locator\1.0.3\osgi-resource-locator-1.0.3.jar;C:\Users\Maria-PC\.m2\repository\org\glassfish\jersey\inject\jersey-hk2\4.0.0-M2\jersey-hk2-4.0.0-M2.jar;C:\Users\Maria-PC\.m2\repository\org\glassfish\hk2\hk2-locator\4.0.0-M3\hk2-locator-4.0.0-M3.jar;C:\Users\Maria-PC\.m2\repository\org\glassfish\hk2\external\aopalliance-repackaged\4.0.0-M3\aopalliance-repackaged-4.0.0-M3.jar;C:\Users\Maria-PC\.m2\repository\org\glassfish\hk2\hk2-api\4.0.0-M3\hk2-api-4.0.0-M3.jar;C:\Users\Maria-PC\.m2\repository\org\glassfish\hk2\hk2-utils\4.0.0-M3\hk2-utils-4.0.0-M3.jar;C:\Users\Maria-PC\.m2\repository\org\javassist\javassist\3.30.2-GA\javassist-3.30.2-GA.jar;C:\Users\Maria-PC\.m2\repository\org\glassfish\jersey\media\jersey-media-json-jackson\4.0.0-M2\jersey-media-json-jackson-4.0.0-M2.jar;C:\Users\Maria-PC\.m2\repository\org\glassfish\jersey\ext\jersey-entity-filtering\4.0.0-M2\jersey-entity-filtering-4.0.0-M2.jar;C:\Users\Maria-PC\.m2\repository\com\fasterxml\jackson\core\jackson-annotations\2.18.0\jackson-annotations-2.18.0.jar;C:\Users\Maria-PC\.m2\repository\com\fasterxml\jackson\core\jackson-databind\2.18.0\jackson-databind-2.18.0.jar;C:\Users\Maria-PC\.m2\repository\com\fasterxml\jackson\core\jackson-core\2.18.0\jackson-core-2.18.0.jar;C:\Users\Maria-PC\.m2\repository\com\fasterxml\jackson\module\jackson-module-jakarta-xmlbind-annotations\2.18.0\jackson-module-jakarta-xmlbind-annotations-2.18.0.jar;C:\Users\Maria-PC\.m2\repository\jakarta\xml\bind\jakarta.xml.bind-api\4.0.2\jakarta.xml.bind-api-4.0.2.jar;C:\Users\Maria-PC\.m2\repository\jakarta\activation\jakarta.activation-api\2.1.3\jakarta.activation-api-2.1.3.jar;"/>
    <property name="java.vm.vendor" value="Oracle Corporation"/>
    <property name="sun.arch.data.model" value="64"/>
    <property name="user.variant" value=""/>
    <property name="java.vendor.url" value="https://java.oracle.com/"/>
    <property name="user.timezone" value="Europe/Bucharest"/>
    <property name="os.name" value="Windows 11"/>
    <property name="java.vm.specification.version" value="17"/>
    <property name="sun.java.launcher" value="SUN_STANDARD"/>
    <property name="user.country" value="US"/>
    <property name="sun.boot.library.path" value="C:\Program Files\Java\jdk-17\bin"/>
    <property name="sun.java.command" value="C:\Users\Maria-PC\AppData\Local\Temp\surefire4956126966889346415\surefirebooter-20250218182339057_3.jar C:\Users\Maria-PC\AppData\Local\Temp\surefire4956126966889346415 2025-02-18T18-23-38_563-jvmRun1 surefire-20250218182339057_1tmp surefire_0-20250218182339057_2tmp"/>
    <property name="jdk.debug" value="release"/>
    <property name="surefire.test.class.path" value="C:\Users\Maria-PC\Documents\guice-app\target\test-classes;C:\Users\Maria-PC\Documents\guice-app\target\classes;C:\Users\Maria-PC\.m2\repository\org\junit\jupiter\junit-jupiter-api\5.11.0\junit-jupiter-api-5.11.0.jar;C:\Users\Maria-PC\.m2\repository\org\opentest4j\opentest4j\1.3.0\opentest4j-1.3.0.jar;C:\Users\Maria-PC\.m2\repository\org\junit\platform\junit-platform-commons\1.11.0\junit-platform-commons-1.11.0.jar;C:\Users\Maria-PC\.m2\repository\org\apiguardian\apiguardian-api\1.1.2\apiguardian-api-1.1.2.jar;C:\Users\Maria-PC\.m2\repository\org\junit\jupiter\junit-jupiter-params\5.11.0\junit-jupiter-params-5.11.0.jar;C:\Users\Maria-PC\.m2\repository\com\google\inject\guice\7.0.0\guice-7.0.0.jar;C:\Users\Maria-PC\.m2\repository\jakarta\inject\jakarta.inject-api\2.0.1\jakarta.inject-api-2.0.1.jar;C:\Users\Maria-PC\.m2\repository\aopalliance\aopalliance\1.0\aopalliance-1.0.jar;C:\Users\Maria-PC\.m2\repository\com\google\guava\guava\31.0.1-jre\guava-31.0.1-jre.jar;C:\Users\Maria-PC\.m2\repository\com\google\guava\failureaccess\1.0.1\failureaccess-1.0.1.jar;C:\Users\Maria-PC\.m2\repository\com\google\guava\listenablefuture\9999.0-empty-to-avoid-conflict-with-guava\listenablefuture-9999.0-empty-to-avoid-conflict-with-guava.jar;C:\Users\Maria-PC\.m2\repository\com\google\code\findbugs\jsr305\3.0.2\jsr305-3.0.2.jar;C:\Users\Maria-PC\.m2\repository\org\checkerframework\checker-qual\3.12.0\checker-qual-3.12.0.jar;C:\Users\Maria-PC\.m2\repository\com\google\errorprone\error_prone_annotations\2.7.1\error_prone_annotations-2.7.1.jar;C:\Users\Maria-PC\.m2\repository\com\google\j2objc\j2objc-annotations\1.3\j2objc-annotations-1.3.jar;C:\Users\Maria-PC\.m2\repository\org\glassfish\jersey\containers\jersey-container-jetty-http\4.0.0-M2\jersey-container-jetty-http-4.0.0-M2.jar;C:\Users\Maria-PC\.m2\repository\org\eclipse\jetty\jetty-server\12.0.14\jetty-server-12.0.14.jar;C:\Users\Maria-PC\.m2\repository\org\eclipse\jetty\jetty-http\12.0.14\jetty-http-12.0.14.jar;C:\Users\Maria-PC\.m2\repository\org\eclipse\jetty\jetty-util\12.0.14\jetty-util-12.0.14.jar;C:\Users\Maria-PC\.m2\repository\org\eclipse\jetty\jetty-io\12.0.14\jetty-io-12.0.14.jar;C:\Users\Maria-PC\.m2\repository\org\slf4j\slf4j-api\2.0.13\slf4j-api-2.0.13.jar;C:\Users\Maria-PC\.m2\repository\org\eclipse\jetty\jetty-security\12.0.14\jetty-security-12.0.14.jar;C:\Users\Maria-PC\.m2\repository\org\glassfish\jersey\core\jersey-server\4.0.0-M2\jersey-server-4.0.0-M2.jar;C:\Users\Maria-PC\.m2\repository\org\glassfish\jersey\core\jersey-client\4.0.0-M2\jersey-client-4.0.0-M2.jar;C:\Users\Maria-PC\.m2\repository\jakarta\validation\jakarta.validation-api\3.1.0\jakarta.validation-api-3.1.0.jar;C:\Users\Maria-PC\.m2\repository\jakarta\ws\rs\jakarta.ws.rs-api\4.0.0\jakarta.ws.rs-api-4.0.0.jar;C:\Users\Maria-PC\.m2\repository\org\glassfish\jersey\core\jersey-common\4.0.0-M2\jersey-common-4.0.0-M2.jar;C:\Users\Maria-PC\.m2\repository\jakarta\annotation\jakarta.annotation-api\3.0.0\jakarta.annotation-api-3.0.0.jar;C:\Users\Maria-PC\.m2\repository\org\glassfish\hk2\osgi-resource-locator\1.0.3\osgi-resource-locator-1.0.3.jar;C:\Users\Maria-PC\.m2\repository\org\glassfish\jersey\inject\jersey-hk2\4.0.0-M2\jersey-hk2-4.0.0-M2.jar;C:\Users\Maria-PC\.m2\repository\org\glassfish\hk2\hk2-locator\4.0.0-M3\hk2-locator-4.0.0-M3.jar;C:\Users\Maria-PC\.m2\repository\org\glassfish\hk2\external\aopalliance-repackaged\4.0.0-M3\aopalliance-repackaged-4.0.0-M3.jar;C:\Users\Maria-PC\.m2\repository\org\glassfish\hk2\hk2-api\4.0.0-M3\hk2-api-4.0.0-M3.jar;C:\Users\Maria-PC\.m2\repository\org\glassfish\hk2\hk2-utils\4.0.0-M3\hk2-utils-4.0.0-M3.jar;C:\Users\Maria-PC\.m2\repository\org\javassist\javassist\3.30.2-GA\javassist-3.30.2-GA.jar;C:\Users\Maria-PC\.m2\repository\org\glassfish\jersey\media\jersey-media-json-jackson\4.0.0-M2\jersey-media-json-jackson-4.0.0-M2.jar;C:\Users\Maria-PC\.m2\repository\org\glassfish\jersey\ext\jersey-entity-filtering\4.0.0-M2\jersey-entity-filtering-4.0.0-M2.jar;C:\Users\Maria-PC\.m2\repository\com\fasterxml\jackson\core\jackson-annotations\2.18.0\jackson-annotations-2.18.0.jar;C:\Users\Maria-PC\.m2\repository\com\fasterxml\jackson\core\jackson-databind\2.18.0\jackson-databind-2.18.0.jar;C:\Users\Maria-PC\.m2\repository\com\fasterxml\jackson\core\jackson-core\2.18.0\jackson-core-2.18.0.jar;C:\Users\Maria-PC\.m2\repository\com\fasterxml\jackson\module\jackson-module-jakarta-xmlbind-annotations\2.18.0\jackson-module-jakarta-xmlbind-annotations-2.18.0.jar;C:\Users\Maria-PC\.m2\repository\jakarta\xml\bind\jakarta.xml.bind-api\4.0.2\jakarta.xml.bind-api-4.0.2.jar;C:\Users\Maria-PC\.m2\repository\jakarta\activation\jakarta.activation-api\2.1.3\jakarta.activation-api-2.1.3.jar;"/>
    <property name="sun.cpu.endian" value="little"/>
    <property name="user.home" value="C:\Users\Maria-PC"/>
    <property name="user.language" value="en"/>
    <property name="java.specification.vendor" value="Oracle Corporation"/>
    <property name="java.version.date" value="2023-04-18"/>
    <property name="java.home" value="C:\Program Files\Java\jdk-17"/>
    <property name="file.separator" value="\"/>
    <property name="basedir" value="C:\Users\Maria-PC\Documents\guice-app"/>
    <property name="java.vm.compressedOopsMode" value="32-bit"/>
    <property name="line.separator" value="&#10;"/>
    <property name="java.vm.specification.vendor" value="Oracle Corporation"/>
    <property name="java.specification.name" value="Java Platform API Specification"/>
    <property name="surefire.real.class.path" value="C:\Users\Maria-PC\AppData\Local\Temp\surefire4956126966889346415\surefirebooter-20250218182339057_3.jar"/>
    <property name="user.script" value=""/>
    <property name="sun.management.compiler" value="HotSpot 64-Bit Tiered Compilers"/>
    <property name="java.runtime.version" value="17.0.7+8-LTS-224"/>
    <property name="user.name" value="Maria-PC"/>
    <property name="path.separator" value=";"/>
    <property name="os.version" value="10.0"/>
    <property name="java.runtime.name" value="Java(TM) SE Runtime Environment"/>
    <property name="file.encoding" value="Cp1252"/>
    <property name="java.vm.name" value="Java HotSpot(TM) 64-Bit Server VM"/>
    <property name="localRepository" value="C:\Users\Maria-PC\.m2\repository"/>
    <property name="java.vendor.url.bug" value="https://bugreport.java.com/bugreport/"/>
    <property name="java.io.tmpdir" value="C:\Users\Maria-PC\AppData\Local\Temp\"/>
    <property name="java.version" value="17.0.7"/>
    <property name="user.dir" value="C:\Users\Maria-PC\Documents\guice-app"/>
    <property name="os.arch" value="amd64"/>
    <property name="java.vm.specification.name" value="Java Virtual Machine Specification"/>
    <property name="sun.os.patch.level" value=""/>
    <property name="native.encoding" value="Cp1252"/>
    <property name="java.library.path" value="C:\Program Files\Java\jdk-17\bin;C:\WINDOWS\Sun\Java\bin;C:\WINDOWS\system32;C:\WINDOWS;C:\Python312\Scripts\;C:\Python312\;C:\Program Files\Common Files\Oracle\Java\javapath;C:\Program Files (x86)\Common Files\Oracle\Java\javapath;C:\Python38\Scripts\;C:\Python38\;C:\Program Files\Java\jdk-17\bin;C:\Windows\system32;C:\Windows;C:\Windows\System32\Wbem;C:\Windows\System32\WindowsPowerShell\v1.0\;C:\Windows\System32\OpenSSH\;C:\Program Files (x86)\NVIDIA Corporation\PhysX\Common;C:\Program Files\NVIDIA Corporation\NVIDIA NvDLISR;C:\WINDOWS\system32;C:\WINDOWS;C:\WINDOWS\System32\Wbem;C:\WINDOWS\System32\WindowsPowerShell\v1.0\;C:\WINDOWS\System32\OpenSSH\;C:\ProgramData\chocolatey\bin;C:\Program Files\apache-maven-3.8.6\bin;C:\Program Files\Git\cmd;C:\Program Files\Docker\Docker\resources\bin;C:\Program Files (x86)\Microsoft SQL Server\160\Tools\Binn\;C:\Program Files\Microsoft SQL Server\160\Tools\Binn\;C:\Program Files\Microsoft SQL Server\Client SDK\ODBC\170\Tools\Binn\;C:\Program Files\Microsoft SQL Server\160\DTS\Binn\;C:\Program Files (x86)\Microsoft SQL Server\160\DTS\Binn\;C:\Program Files\Azure Data Studio\bin;C:\Program Files\nodejs\;C:\Program Files\MySQL\MySQL Shell 8.0\bin\;C:\Users\Maria-PC\AppData\Local\Microsoft\WindowsApps;C:\Users\Maria-PC\AppData\Local\Programs\Microsoft VS Code\bin;C:\Program Files\Java\jdk-17\bin;C:\Program Files\apache-maven-3.8.6\bin;C:\Program Files\JetBrains\IntelliJ IDEA 2023.1.2\bin;;C:\Program Files\Azure Data Studio\bin;C:\Users\Maria-PC\AppData\Roaming\npm;."/>
    <property name="java.vm.info" value="mixed mode, sharing"/>
    <property name="java.vendor" value="Oracle Corporation"/>
    <property name="java.vm.version" value="17.0.7+8-LTS-224"/>
    <property name="sun.io.unicode.encoding" value="UnicodeLittle"/>
    <property name="java.class.version" value="61.0"/>
  </properties>
  <testcase name="shouldAnswerWithTrue" classname="com.mycompany.guiceapp.AppTest" time="0.298"/>
</testsuite>